<?xml version="1.0" encoding="UTF-8"?>
<testsuite xmlns:xsi="http://www.w3.org/2001/XMLSchema-instance" xsi:schemaLocation="https://maven.apache.org/surefire/maven-surefire-plugin/xsd/surefire-test-report.xsd" name="TestSuite" time="4.674" tests="10" errors="0" skipped="5" failures="5">
  <properties>
[...]
</properties>
  <testcase name="setUp" classname="com.saurav.scraper.ElPaisTest" time="3.985">
    <failure message="Could not start a new session. Possible causes are invalid address of the remote server or browser start-up failure. &#10;Host info: host: &apos;LAPTOP-ABV5QQU5&apos;, ip: &apos;192.168.29.209&apos;" type="org.openqa.selenium.SessionNotCreatedException">org.openqa.selenium.SessionNotCreatedException: 
Could not start a new session. Possible causes are invalid address of the remote server or browser start-up failure. 
Host info: host: 'LAPTOP-ABV5QQU5', ip: '192.168.29.209'
Caused by: org.openqa.selenium.WebDriverException: 
The property '#/firstMatch/0/bstack:options' contains additional properties ["run_settings"] outside of the schema when none are allowed in the payload.
Build info: version: '4.20.0', revision: '866c76ca80'
System info: os.name: 'Windows 11', os.arch: 'amd64', os.version: '10.0', java.version: '23.0.1'
Driver info: driver.version: RemoteWebDriver
remote stacktrace: 
</failure>
    <system-err><![CDATA[Jul 07, 2025 1:08:57 AM org.openqa.selenium.remote.tracing.opentelemetry.OpenTelemetryTracer createTracer
INFO: Using OpenTelemetry for tracing
]]></system-err>
  </testcase>
  <testcase name="setUp" classname="com.saurav.scraper.ElPaisTest" time="3.987">
    <failure message="Could not start a new session. Possible causes are invalid address of the remote server or browser start-up failure. &#10;Host info: host: &apos;LAPTOP-ABV5QQU5&apos;, ip: &apos;192.168.29.209&apos;" type="org.openqa.selenium.SessionNotCreatedException">org.openqa.selenium.SessionNotCreatedException: 
Could not start a new session. Possible causes are invalid address of the remote server or browser start-up failure. 
Host info: host: 'LAPTOP-ABV5QQU5', ip: '192.168.29.209'
Caused by: org.openqa.selenium.WebDriverException: 
The property '#/firstMatch/0/bstack:options' contains additional properties ["run_settings"] outside of the schema when none are allowed in the payload.
Build info: version: '4.20.0', revision: '866c76ca80'
System info: os.name: 'Windows 11', os.arch: 'amd64', os.version: '10.0', java.version: '23.0.1'
Driver info: driver.version: RemoteWebDriver
remote stacktrace: 
</failure>
  </testcase>
  <testcase name="setUp" classname="com.saurav.scraper.ElPaisTest" time="3.987">
    <failure message="Could not start a new session. Possible causes are invalid address of the remote server or browser start-up failure. &#10;Host info: host: &apos;LAPTOP-ABV5QQU5&apos;, ip: &apos;192.168.29.209&apos;" type="org.openqa.selenium.SessionNotCreatedException">org.openqa.selenium.SessionNotCreatedException: 
Could not start a new session. Possible causes are invalid address of the remote server or browser start-up failure. 
Host info: host: 'LAPTOP-ABV5QQU5', ip: '192.168.29.209'
Caused by: org.openqa.selenium.WebDriverException: 
The property '#/firstMatch/0/bstack:options' contains additional properties ["run_settings"] outside of the schema when none are allowed in the payload.
Build info: version: '4.20.0', revision: '866c76ca80'
System info: os.name: 'Windows 11', os.arch: 'amd64', os.version: '10.0', java.version: '23.0.1'
Driver info: driver.version: RemoteWebDriver
remote stacktrace: 
</failure>
  </testcase>
  <testcase name="setUp" classname="com.saurav.scraper.ElPaisTest" time="0.125">
    <failure message="Could not start a new session. Possible causes are invalid address of the remote server or browser start-up failure. &#10;Host info: host: &apos;LAPTOP-ABV5QQU5&apos;, ip: &apos;192.168.29.209&apos;" type="org.openqa.selenium.SessionNotCreatedException">org.openqa.selenium.SessionNotCreatedException: 
Could not start a new session. Possible causes are invalid address of the remote server or browser start-up failure. 
Host info: host: 'LAPTOP-ABV5QQU5', ip: '192.168.29.209'
Caused by: org.openqa.selenium.WebDriverException: 
The property '#/firstMatch/0/bstack:options' contains additional properties ["run_settings"] outside of the schema when none are allowed in the payload.
Build info: version: '4.20.0', revision: '866c76ca80'
System info: os.name: 'Windows 11', os.arch: 'amd64', os.version: '10.0', java.version: '23.0.1'
Driver info: driver.version: RemoteWebDriver
remote stacktrace: 
</failure>
  </testcase>
  <testcase name="setUp" classname="com.saurav.scraper.ElPaisTest" time="0.004">
    <failure message="Could not start a new session. Possible causes are invalid address of the remote server or browser start-up failure. &#10;Host info: host: &apos;LAPTOP-ABV5QQU5&apos;, ip: &apos;192.168.29.209&apos;" type="org.openqa.selenium.SessionNotCreatedException">org.openqa.selenium.SessionNotCreatedException: 
Could not start a new session. Possible causes are invalid address of the remote server or browser start-up failure. 
Host info: host: 'LAPTOP-ABV5QQU5', ip: '192.168.29.209'
Caused by: org.openqa.selenium.WebDriverException: 
The property '#/firstMatch/0/bstack:options' contains additional properties ["run_settings"] outside of the schema when none are allowed in the payload.
Build info: version: '4.20.0', revision: '866c76ca80'
System info: os.name: 'Windows 11', os.arch: 'amd64', os.version: '10.0', java.version: '23.0.1'
Driver info: driver.version: RemoteWebDriver
remote stacktrace: 
</failure>
  </testcase>
  <testcase name="runScraperOnBrowserStack" classname="com.saurav.scraper.ElPaisTest" time="0">
    <skipped message="Could not start a new session. Possible causes are invalid address of the remote server or browser start-up failure. &#10;Host info: host: &apos;LAPTOP-ABV5QQU5&apos;, ip: &apos;192.168.29.209&apos;"/>
  </testcase>
  <testcase name="runScraperOnBrowserStack" classname="com.saurav.scraper.ElPaisTest" time="0">
    <skipped message="Could not start a new session. Possible causes are invalid address of the remote server or browser start-up failure. &#10;Host info: host: &apos;LAPTOP-ABV5QQU5&apos;, ip: &apos;192.168.29.209&apos;"/>
  </testcase>
  <testcase name="runScraperOnBrowserStack" classname="com.saurav.scraper.ElPaisTest" time="0">
    <skipped message="Could not start a new session. Possible causes are invalid address of the remote server or browser start-up failure. &#10;Host info: host: &apos;LAPTOP-ABV5QQU5&apos;, ip: &apos;192.168.29.209&apos;"/>
  </testcase>
  <testcase name="runScraperOnBrowserStack" classname="com.saurav.scraper.ElPaisTest" time="0">
    <skipped message="Could not start a new session. Possible causes are invalid address of the remote server or browser start-up failure. &#10;Host info: host: &apos;LAPTOP-ABV5QQU5&apos;, ip: &apos;192.168.29.209&apos;"/>
  </testcase>
  <testcase name="runScraperOnBrowserStack" classname="com.saurav.scraper.ElPaisTest" time="0">
    <skipped message="Could not start a new session. Possible causes are invalid address of the remote server or browser start-up failure. &#10;Host info: host: &apos;LAPTOP-ABV5QQU5&apos;, ip: &apos;192.168.29.209&apos;"/>
  </testcase>
</testsuite>